[2015-01-30 13:12:10] myapp.INFO: Matched route "hello" (parameters: "_controller": "[{},"helloAction"]", "_route": "hello") [] []
[2015-01-30 13:12:10] myapp.INFO: > GET /hello [] []
[2015-01-30 13:12:10] myapp.DEBUG: Notified event "kernel.request" to listener "Symfony\Component\HttpKernel\EventListener\ProfilerListener::onKernelRequest". [] []
[2015-01-30 13:12:10] myapp.DEBUG: Notified event "kernel.request" to listener "Symfony\Component\HttpKernel\EventListener\RouterListener::onKernelRequest". [] []
[2015-01-30 13:12:10] myapp.DEBUG: Notified event "kernel.request" to listener "Silex\EventListener\LocaleListener::onKernelRequest". [] []
[2015-01-30 13:12:10] myapp.DEBUG: Notified event "kernel.request" to listener "Silex\EventListener\LogListener::onKernelRequest". [] []
[2015-01-30 13:12:10] myapp.DEBUG: Notified event "kernel.request" to listener "Silex\EventListener\MiddlewareListener::onKernelRequest". [] []
[2015-01-30 13:12:10] myapp.DEBUG: Notified event "kernel.controller" to listener "Silex\EventListener\ConverterListener::onKernelController". [] []
[2015-01-30 13:12:10] myapp.DEBUG: Notified event "kernel.controller" to listener "Symfony\Component\HttpKernel\DataCollector\RequestDataCollector::onKernelController". [] []
[2015-01-30 13:12:10] myapp.INFO: < 200 [] []
[2015-01-30 13:12:10] myapp.DEBUG: Notified event "kernel.response" to listener "Silex\EventListener\MiddlewareListener::onKernelResponse". [] []
[2015-01-30 13:12:10] myapp.DEBUG: Notified event "kernel.response" to listener "Symfony\Component\HttpKernel\EventListener\ResponseListener::onKernelResponse". [] []
[2015-01-30 13:12:10] myapp.DEBUG: Notified event "kernel.response" to listener "Silex\EventListener\LogListener::onKernelResponse". [] []
[2015-01-30 13:12:10] myapp.DEBUG: Notified event "kernel.response" to listener "Symfony\Component\HttpKernel\EventListener\ProfilerListener::onKernelResponse". [] []
[2015-01-30 13:12:10] myapp.DEBUG: Notified event "kernel.response" to listener "Symfony\Bundle\WebProfilerBundle\EventListener\WebDebugToolbarListener::onKernelResponse". [] []
[2015-01-30 13:12:10] myapp.DEBUG: Notified event "kernel.finish_request" to listener "Symfony\Component\HttpKernel\EventListener\RouterListener::onKernelFinishRequest". [] []
[2015-01-30 13:12:10] myapp.DEBUG: Notified event "kernel.finish_request" to listener "Silex\EventListener\LocaleListener::onKernelFinishRequest". [] []
[2015-01-30 13:12:10] myapp.DEBUG: Notified event "kernel.terminate" to listener "Symfony\Component\HttpKernel\EventListener\ProfilerListener::onKernelTerminate". [] []
[2015-01-30 13:12:12] myapp.ERROR: Symfony\Component\HttpKernel\Exception\NotFoundHttpException: No route found for "GET /" (uncaught exception) at /home/benny/code/php/workspace/silex-noframework-base/vendor/symfony/http-kernel/Symfony/Component/HttpKernel/EventListener/RouterListener.php line 145 {"exception":"[object] (Symfony\\Component\\HttpKernel\\Exception\\NotFoundHttpException(code: 0): No route found for \"GET /\" at /home/benny/code/php/workspace/silex-noframework-base/vendor/symfony/http-kernel/Symfony/Component/HttpKernel/EventListener/RouterListener.php:145, Symfony\\Component\\Routing\\Exception\\ResourceNotFoundException(code: 0): No routes found for \"/\". at /home/benny/code/php/workspace/silex-noframework-base/vendor/symfony/routing/Symfony/Component/Routing/Matcher/UrlMatcher.php:102)"} []
[2015-01-30 13:12:12] myapp.DEBUG: Notified event "kernel.exception" to listener "Symfony\Component\HttpKernel\EventListener\ProfilerListener::onKernelException". [] []
[2015-01-30 13:12:12] myapp.DEBUG: Notified event "kernel.exception" to listener "Silex\EventListener\LogListener::onKernelException". [] []
[2015-01-30 13:12:12] myapp.DEBUG: Notified event "kernel.exception" to listener "Silex\ExceptionHandler::onSilexError". [] []
[2015-01-30 13:12:12] myapp.DEBUG: Listener "Silex\ExceptionHandler::onSilexError" stopped propagation of the event "kernel.exception". [] []
[2015-01-30 13:12:12] myapp.INFO: < 404 [] []
[2015-01-30 13:12:12] myapp.DEBUG: Notified event "kernel.response" to listener "Silex\EventListener\MiddlewareListener::onKernelResponse". [] []
[2015-01-30 13:12:12] myapp.DEBUG: Notified event "kernel.response" to listener "Symfony\Component\HttpKernel\EventListener\ResponseListener::onKernelResponse". [] []
[2015-01-30 13:12:12] myapp.DEBUG: Notified event "kernel.response" to listener "Silex\EventListener\LogListener::onKernelResponse". [] []
[2015-01-30 13:12:12] myapp.DEBUG: Notified event "kernel.response" to listener "Symfony\Component\HttpKernel\EventListener\ProfilerListener::onKernelResponse". [] []
[2015-01-30 13:12:12] myapp.DEBUG: Notified event "kernel.response" to listener "Symfony\Bundle\WebProfilerBundle\EventListener\WebDebugToolbarListener::onKernelResponse". [] []
[2015-01-30 13:12:12] myapp.DEBUG: Notified event "kernel.finish_request" to listener "Symfony\Component\HttpKernel\EventListener\RouterListener::onKernelFinishRequest". [] []
[2015-01-30 13:12:12] myapp.DEBUG: Notified event "kernel.finish_request" to listener "Silex\EventListener\LocaleListener::onKernelFinishRequest". [] []
[2015-01-30 13:12:12] myapp.DEBUG: Notified event "kernel.terminate" to listener "Symfony\Component\HttpKernel\EventListener\ProfilerListener::onKernelTerminate". [] []
[2015-01-30 13:12:12] myapp.INFO: Matched route "_wdt" (parameters: "_controller": "web_profiler.controller.profiler:toolbarAction", "token": "5ed0b4", "_route": "_wdt") [] []
[2015-01-30 13:12:12] myapp.INFO: > GET /_profiler/wdt/5ed0b4 [] []
[2015-01-30 13:12:12] myapp.DEBUG: Notified event "kernel.request" to listener "Symfony\Component\HttpKernel\EventListener\ProfilerListener::onKernelRequest". [] []
[2015-01-30 13:12:12] myapp.DEBUG: Notified event "kernel.request" to listener "Symfony\Component\HttpKernel\EventListener\RouterListener::onKernelRequest". [] []
[2015-01-30 13:12:12] myapp.DEBUG: Notified event "kernel.request" to listener "Silex\EventListener\LocaleListener::onKernelRequest". [] []
[2015-01-30 13:12:12] myapp.DEBUG: Notified event "kernel.request" to listener "Silex\EventListener\LogListener::onKernelRequest". [] []
[2015-01-30 13:12:12] myapp.DEBUG: Notified event "kernel.request" to listener "Silex\EventListener\MiddlewareListener::onKernelRequest". [] []
[2015-01-30 13:12:12] myapp.DEBUG: Notified event "kernel.controller" to listener "Silex\EventListener\ConverterListener::onKernelController". [] []
[2015-01-30 13:12:12] myapp.DEBUG: Notified event "kernel.controller" to listener "Symfony\Component\HttpKernel\DataCollector\RequestDataCollector::onKernelController". [] []
[2015-01-30 13:12:13] myapp.INFO: < 200 [] []
[2015-01-30 13:12:13] myapp.DEBUG: Notified event "kernel.response" to listener "Silex\EventListener\MiddlewareListener::onKernelResponse". [] []
[2015-01-30 13:12:13] myapp.DEBUG: Notified event "kernel.response" to listener "Symfony\Component\HttpKernel\EventListener\ResponseListener::onKernelResponse". [] []
[2015-01-30 13:12:13] myapp.DEBUG: Notified event "kernel.response" to listener "Silex\EventListener\LogListener::onKernelResponse". [] []
[2015-01-30 13:12:13] myapp.DEBUG: Notified event "kernel.response" to listener "Symfony\Component\HttpKernel\EventListener\ProfilerListener::onKernelResponse". [] []
[2015-01-30 13:12:13] myapp.DEBUG: Notified event "kernel.response" to listener "Symfony\Bundle\WebProfilerBundle\EventListener\WebDebugToolbarListener::onKernelResponse". [] []
[2015-01-30 13:12:13] myapp.DEBUG: Notified event "kernel.finish_request" to listener "Symfony\Component\HttpKernel\EventListener\RouterListener::onKernelFinishRequest". [] []
[2015-01-30 13:12:13] myapp.DEBUG: Notified event "kernel.finish_request" to listener "Silex\EventListener\LocaleListener::onKernelFinishRequest". [] []
[2015-01-30 13:12:13] myapp.DEBUG: Notified event "kernel.terminate" to listener "Symfony\Component\HttpKernel\EventListener\ProfilerListener::onKernelTerminate". [] []
[2015-01-30 13:12:15] myapp.INFO: Matched route "_profiler" (parameters: "_controller": "web_profiler.controller.profiler:panelAction", "token": "5ed0b4", "_route": "_profiler") [] []
[2015-01-30 13:12:15] myapp.INFO: > GET /_profiler/5ed0b4?panel=request [] []
[2015-01-30 13:12:15] myapp.DEBUG: Notified event "kernel.request" to listener "Symfony\Component\HttpKernel\EventListener\ProfilerListener::onKernelRequest". [] []
[2015-01-30 13:12:15] myapp.DEBUG: Notified event "kernel.request" to listener "Symfony\Component\HttpKernel\EventListener\RouterListener::onKernelRequest". [] []
[2015-01-30 13:12:15] myapp.DEBUG: Notified event "kernel.request" to listener "Silex\EventListener\LocaleListener::onKernelRequest". [] []
[2015-01-30 13:12:15] myapp.DEBUG: Notified event "kernel.request" to listener "Silex\EventListener\LogListener::onKernelRequest". [] []
[2015-01-30 13:12:15] myapp.DEBUG: Notified event "kernel.request" to listener "Silex\EventListener\MiddlewareListener::onKernelRequest". [] []
[2015-01-30 13:12:15] myapp.DEBUG: Notified event "kernel.controller" to listener "Silex\EventListener\ConverterListener::onKernelController". [] []
[2015-01-30 13:12:15] myapp.DEBUG: Notified event "kernel.controller" to listener "Symfony\Component\HttpKernel\DataCollector\RequestDataCollector::onKernelController". [] []
[2015-01-30 13:12:15] myapp.INFO: Matched route "_wdt" (parameters: "_controller": "web_profiler.controller.profiler:toolbarAction", "token": "5ed0b4", "_route": "_wdt") [] []
[2015-01-30 13:12:15] myapp.DEBUG: Notified event "kernel.request" to listener "Symfony\Component\HttpKernel\EventListener\ProfilerListener::onKernelRequest". [] []
[2015-01-30 13:12:15] myapp.DEBUG: Notified event "kernel.request" to listener "Symfony\Component\HttpKernel\EventListener\RouterListener::onKernelRequest". [] []
[2015-01-30 13:12:15] myapp.DEBUG: Notified event "kernel.request" to listener "Silex\EventListener\LocaleListener::onKernelRequest". [] []
[2015-01-30 13:12:15] myapp.DEBUG: Notified event "kernel.request" to listener "Silex\EventListener\LogListener::onKernelRequest". [] []
[2015-01-30 13:12:15] myapp.DEBUG: Notified event "kernel.request" to listener "Silex\EventListener\MiddlewareListener::onKernelRequest". [] []
[2015-01-30 13:12:15] myapp.DEBUG: Notified event "kernel.controller" to listener "Silex\EventListener\ConverterListener::onKernelController". [] []
[2015-01-30 13:12:15] myapp.DEBUG: Notified event "kernel.controller" to listener "Symfony\Component\HttpKernel\DataCollector\RequestDataCollector::onKernelController". [] []
[2015-01-30 13:12:15] myapp.DEBUG: Notified event "kernel.response" to listener "Silex\EventListener\MiddlewareListener::onKernelResponse". [] []
[2015-01-30 13:12:15] myapp.DEBUG: Notified event "kernel.response" to listener "Symfony\Component\HttpKernel\EventListener\ResponseListener::onKernelResponse". [] []
[2015-01-30 13:12:15] myapp.DEBUG: Notified event "kernel.response" to listener "Silex\EventListener\LogListener::onKernelResponse". [] []
[2015-01-30 13:12:15] myapp.DEBUG: Notified event "kernel.response" to listener "Symfony\Component\HttpKernel\EventListener\ProfilerListener::onKernelResponse". [] []
[2015-01-30 13:12:15] myapp.DEBUG: Notified event "kernel.response" to listener "Symfony\Bundle\WebProfilerBundle\EventListener\WebDebugToolbarListener::onKernelResponse". [] []
[2015-01-30 13:12:15] myapp.DEBUG: Notified event "kernel.finish_request" to listener "Symfony\Component\HttpKernel\EventListener\RouterListener::onKernelFinishRequest". [] []
[2015-01-30 13:12:15] myapp.DEBUG: Notified event "kernel.finish_request" to listener "Silex\EventListener\LocaleListener::onKernelFinishRequest". [] []
[2015-01-30 13:12:15] myapp.INFO: Matched route "_profiler_search_bar" (parameters: "_controller": "web_profiler.controller.profiler:searchBarAction", "_route": "_profiler_search_bar") [] []
[2015-01-30 13:12:15] myapp.DEBUG: Notified event "kernel.request" to listener "Symfony\Component\HttpKernel\EventListener\ProfilerListener::onKernelRequest". [] []
[2015-01-30 13:12:15] myapp.DEBUG: Notified event "kernel.request" to listener "Symfony\Component\HttpKernel\EventListener\RouterListener::onKernelRequest". [] []
[2015-01-30 13:12:15] myapp.DEBUG: Notified event "kernel.request" to listener "Silex\EventListener\LocaleListener::onKernelRequest". [] []
[2015-01-30 13:12:15] myapp.DEBUG: Notified event "kernel.request" to listener "Silex\EventListener\LogListener::onKernelRequest". [] []
[2015-01-30 13:12:15] myapp.DEBUG: Notified event "kernel.request" to listener "Silex\EventListener\MiddlewareListener::onKernelRequest". [] []
[2015-01-30 13:12:15] myapp.DEBUG: Notified event "kernel.controller" to listener "Silex\EventListener\ConverterListener::onKernelController". [] []
[2015-01-30 13:12:15] myapp.DEBUG: Notified event "kernel.controller" to listener "Symfony\Component\HttpKernel\DataCollector\RequestDataCollector::onKernelController". [] []
[2015-01-30 13:12:15] myapp.DEBUG: Notified event "kernel.response" to listener "Silex\EventListener\MiddlewareListener::onKernelResponse". [] []
[2015-01-30 13:12:15] myapp.DEBUG: Notified event "kernel.response" to listener "Symfony\Component\HttpKernel\EventListener\ResponseListener::onKernelResponse". [] []
[2015-01-30 13:12:15] myapp.DEBUG: Notified event "kernel.response" to listener "Silex\EventListener\LogListener::onKernelResponse". [] []
[2015-01-30 13:12:15] myapp.DEBUG: Notified event "kernel.response" to listener "Symfony\Component\HttpKernel\EventListener\ProfilerListener::onKernelResponse". [] []
[2015-01-30 13:12:15] myapp.DEBUG: Notified event "kernel.response" to listener "Symfony\Bundle\WebProfilerBundle\EventListener\WebDebugToolbarListener::onKernelResponse". [] []
[2015-01-30 13:12:15] myapp.DEBUG: Notified event "kernel.finish_request" to listener "Symfony\Component\HttpKernel\EventListener\RouterListener::onKernelFinishRequest". [] []
[2015-01-30 13:12:15] myapp.DEBUG: Notified event "kernel.finish_request" to listener "Silex\EventListener\LocaleListener::onKernelFinishRequest". [] []
[2015-01-30 13:12:15] myapp.INFO: < 200 [] []
[2015-01-30 13:12:15] myapp.DEBUG: Notified event "kernel.response" to listener "Silex\EventListener\MiddlewareListener::onKernelResponse". [] []
[2015-01-30 13:12:15] myapp.DEBUG: Notified event "kernel.response" to listener "Symfony\Component\HttpKernel\EventListener\ResponseListener::onKernelResponse". [] []
[2015-01-30 13:12:15] myapp.DEBUG: Notified event "kernel.response" to listener "Silex\EventListener\LogListener::onKernelResponse". [] []
[2015-01-30 13:12:15] myapp.DEBUG: Notified event "kernel.response" to listener "Symfony\Component\HttpKernel\EventListener\ProfilerListener::onKernelResponse". [] []
[2015-01-30 13:12:15] myapp.DEBUG: Notified event "kernel.response" to listener "Symfony\Bundle\WebProfilerBundle\EventListener\WebDebugToolbarListener::onKernelResponse". [] []
[2015-01-30 13:12:15] myapp.DEBUG: Notified event "kernel.finish_request" to listener "Symfony\Component\HttpKernel\EventListener\RouterListener::onKernelFinishRequest". [] []
[2015-01-30 13:12:15] myapp.DEBUG: Notified event "kernel.finish_request" to listener "Silex\EventListener\LocaleListener::onKernelFinishRequest". [] []
[2015-01-30 13:12:15] myapp.DEBUG: Notified event "kernel.terminate" to listener "Symfony\Component\HttpKernel\EventListener\ProfilerListener::onKernelTerminate". [] []
[2015-01-30 13:12:17] myapp.INFO: Matched route "_profiler" (parameters: "_controller": "web_profiler.controller.profiler:panelAction", "token": "5ed0b4", "_route": "_profiler") [] []
[2015-01-30 13:12:17] myapp.INFO: > GET /_profiler/5ed0b4?panel=logger [] []
[2015-01-30 13:12:17] myapp.DEBUG: Notified event "kernel.request" to listener "Symfony\Component\HttpKernel\EventListener\ProfilerListener::onKernelRequest". [] []
[2015-01-30 13:12:17] myapp.DEBUG: Notified event "kernel.request" to listener "Symfony\Component\HttpKernel\EventListener\RouterListener::onKernelRequest". [] []
[2015-01-30 13:12:17] myapp.DEBUG: Notified event "kernel.request" to listener "Silex\EventListener\LocaleListener::onKernelRequest". [] []
[2015-01-30 13:12:17] myapp.DEBUG: Notified event "kernel.request" to listener "Silex\EventListener\LogListener::onKernelRequest". [] []
[2015-01-30 13:12:17] myapp.DEBUG: Notified event "kernel.request" to listener "Silex\EventListener\MiddlewareListener::onKernelRequest". [] []
[2015-01-30 13:12:17] myapp.DEBUG: Notified event "kernel.controller" to listener "Silex\EventListener\ConverterListener::onKernelController". [] []
[2015-01-30 13:12:17] myapp.DEBUG: Notified event "kernel.controller" to listener "Symfony\Component\HttpKernel\DataCollector\RequestDataCollector::onKernelController". [] []
[2015-01-30 13:12:17] myapp.INFO: Matched route "_wdt" (parameters: "_controller": "web_profiler.controller.profiler:toolbarAction", "token": "5ed0b4", "_route": "_wdt") [] []
[2015-01-30 13:12:17] myapp.DEBUG: Notified event "kernel.request" to listener "Symfony\Component\HttpKernel\EventListener\ProfilerListener::onKernelRequest". [] []
[2015-01-30 13:12:17] myapp.DEBUG: Notified event "kernel.request" to listener "Symfony\Component\HttpKernel\EventListener\RouterListener::onKernelRequest". [] []
[2015-01-30 13:12:17] myapp.DEBUG: Notified event "kernel.request" to listener "Silex\EventListener\LocaleListener::onKernelRequest". [] []
[2015-01-30 13:12:17] myapp.DEBUG: Notified event "kernel.request" to listener "Silex\EventListener\LogListener::onKernelRequest". [] []
[2015-01-30 13:12:17] myapp.DEBUG: Notified event "kernel.request" to listener "Silex\EventListener\MiddlewareListener::onKernelRequest". [] []
[2015-01-30 13:12:17] myapp.DEBUG: Notified event "kernel.controller" to listener "Silex\EventListener\ConverterListener::onKernelController". [] []
[2015-01-30 13:12:17] myapp.DEBUG: Notified event "kernel.controller" to listener "Symfony\Component\HttpKernel\DataCollector\RequestDataCollector::onKernelController". [] []
[2015-01-30 13:12:17] myapp.DEBUG: Notified event "kernel.response" to listener "Silex\EventListener\MiddlewareListener::onKernelResponse". [] []
[2015-01-30 13:12:17] myapp.DEBUG: Notified event "kernel.response" to listener "Symfony\Component\HttpKernel\EventListener\ResponseListener::onKernelResponse". [] []
[2015-01-30 13:12:17] myapp.DEBUG: Notified event "kernel.response" to listener "Silex\EventListener\LogListener::onKernelResponse". [] []
[2015-01-30 13:12:17] myapp.DEBUG: Notified event "kernel.response" to listener "Symfony\Component\HttpKernel\EventListener\ProfilerListener::onKernelResponse". [] []
[2015-01-30 13:12:17] myapp.DEBUG: Notified event "kernel.response" to listener "Symfony\Bundle\WebProfilerBundle\EventListener\WebDebugToolbarListener::onKernelResponse". [] []
[2015-01-30 13:12:17] myapp.DEBUG: Notified event "kernel.finish_request" to listener "Symfony\Component\HttpKernel\EventListener\RouterListener::onKernelFinishRequest". [] []
[2015-01-30 13:12:17] myapp.DEBUG: Notified event "kernel.finish_request" to listener "Silex\EventListener\LocaleListener::onKernelFinishRequest". [] []
[2015-01-30 13:12:17] myapp.INFO: Matched route "_profiler_search_bar" (parameters: "_controller": "web_profiler.controller.profiler:searchBarAction", "_route": "_profiler_search_bar") [] []
[2015-01-30 13:12:17] myapp.DEBUG: Notified event "kernel.request" to listener "Symfony\Component\HttpKernel\EventListener\ProfilerListener::onKernelRequest". [] []
[2015-01-30 13:12:17] myapp.DEBUG: Notified event "kernel.request" to listener "Symfony\Component\HttpKernel\EventListener\RouterListener::onKernelRequest". [] []
[2015-01-30 13:12:17] myapp.DEBUG: Notified event "kernel.request" to listener "Silex\EventListener\LocaleListener::onKernelRequest". [] []
[2015-01-30 13:12:17] myapp.DEBUG: Notified event "kernel.request" to listener "Silex\EventListener\LogListener::onKernelRequest". [] []
[2015-01-30 13:12:17] myapp.DEBUG: Notified event "kernel.request" to listener "Silex\EventListener\MiddlewareListener::onKernelRequest". [] []
[2015-01-30 13:12:17] myapp.DEBUG: Notified event "kernel.controller" to listener "Silex\EventListener\ConverterListener::onKernelController". [] []
[2015-01-30 13:12:17] myapp.DEBUG: Notified event "kernel.controller" to listener "Symfony\Component\HttpKernel\DataCollector\RequestDataCollector::onKernelController". [] []
[2015-01-30 13:12:17] myapp.DEBUG: Notified event "kernel.response" to listener "Silex\EventListener\MiddlewareListener::onKernelResponse". [] []
[2015-01-30 13:12:17] myapp.DEBUG: Notified event "kernel.response" to listener "Symfony\Component\HttpKernel\EventListener\ResponseListener::onKernelResponse". [] []
[2015-01-30 13:12:17] myapp.DEBUG: Notified event "kernel.response" to listener "Silex\EventListener\LogListener::onKernelResponse". [] []
[2015-01-30 13:12:17] myapp.DEBUG: Notified event "kernel.response" to listener "Symfony\Component\HttpKernel\EventListener\ProfilerListener::onKernelResponse". [] []
[2015-01-30 13:12:17] myapp.DEBUG: Notified event "kernel.response" to listener "Symfony\Bundle\WebProfilerBundle\EventListener\WebDebugToolbarListener::onKernelResponse". [] []
[2015-01-30 13:12:17] myapp.DEBUG: Notified event "kernel.finish_request" to listener "Symfony\Component\HttpKernel\EventListener\RouterListener::onKernelFinishRequest". [] []
[2015-01-30 13:12:17] myapp.DEBUG: Notified event "kernel.finish_request" to listener "Silex\EventListener\LocaleListener::onKernelFinishRequest". [] []
[2015-01-30 13:12:17] myapp.INFO: < 200 [] []
[2015-01-30 13:12:17] myapp.DEBUG: Notified event "kernel.response" to listener "Silex\EventListener\MiddlewareListener::onKernelResponse". [] []
[2015-01-30 13:12:17] myapp.DEBUG: Notified event "kernel.response" to listener "Symfony\Component\HttpKernel\EventListener\ResponseListener::onKernelResponse". [] []
[2015-01-30 13:12:17] myapp.DEBUG: Notified event "kernel.response" to listener "Silex\EventListener\LogListener::onKernelResponse". [] []
[2015-01-30 13:12:17] myapp.DEBUG: Notified event "kernel.response" to listener "Symfony\Component\HttpKernel\EventListener\ProfilerListener::onKernelResponse". [] []
[2015-01-30 13:12:17] myapp.DEBUG: Notified event "kernel.response" to listener "Symfony\Bundle\WebProfilerBundle\EventListener\WebDebugToolbarListener::onKernelResponse". [] []
[2015-01-30 13:12:17] myapp.DEBUG: Notified event "kernel.finish_request" to listener "Symfony\Component\HttpKernel\EventListener\RouterListener::onKernelFinishRequest". [] []
[2015-01-30 13:12:17] myapp.DEBUG: Notified event "kernel.finish_request" to listener "Silex\EventListener\LocaleListener::onKernelFinishRequest". [] []
[2015-01-30 13:12:17] myapp.DEBUG: Notified event "kernel.terminate" to listener "Symfony\Component\HttpKernel\EventListener\ProfilerListener::onKernelTerminate". [] []
[2015-01-30 13:12:19] myapp.INFO: Matched route "_profiler" (parameters: "_controller": "web_profiler.controller.profiler:panelAction", "token": "5ed0b4", "_route": "_profiler") [] []
[2015-01-30 13:12:19] myapp.INFO: > GET /_profiler/5ed0b4?panel=config [] []
[2015-01-30 13:12:19] myapp.DEBUG: Notified event "kernel.request" to listener "Symfony\Component\HttpKernel\EventListener\ProfilerListener::onKernelRequest". [] []
[2015-01-30 13:12:19] myapp.DEBUG: Notified event "kernel.request" to listener "Symfony\Component\HttpKernel\EventListener\RouterListener::onKernelRequest". [] []
[2015-01-30 13:12:19] myapp.DEBUG: Notified event "kernel.request" to listener "Silex\EventListener\LocaleListener::onKernelRequest". [] []
[2015-01-30 13:12:19] myapp.DEBUG: Notified event "kernel.request" to listener "Silex\EventListener\LogListener::onKernelRequest". [] []
[2015-01-30 13:12:19] myapp.DEBUG: Notified event "kernel.request" to listener "Silex\EventListener\MiddlewareListener::onKernelRequest". [] []
[2015-01-30 13:12:19] myapp.DEBUG: Notified event "kernel.controller" to listener "Silex\EventListener\ConverterListener::onKernelController". [] []
[2015-01-30 13:12:19] myapp.DEBUG: Notified event "kernel.controller" to listener "Symfony\Component\HttpKernel\DataCollector\RequestDataCollector::onKernelController". [] []
[2015-01-30 13:12:19] myapp.INFO: Matched route "_wdt" (parameters: "_controller": "web_profiler.controller.profiler:toolbarAction", "token": "5ed0b4", "_route": "_wdt") [] []
[2015-01-30 13:12:19] myapp.DEBUG: Notified event "kernel.request" to listener "Symfony\Component\HttpKernel\EventListener\ProfilerListener::onKernelRequest". [] []
[2015-01-30 13:12:19] myapp.DEBUG: Notified event "kernel.request" to listener "Symfony\Component\HttpKernel\EventListener\RouterListener::onKernelRequest". [] []
[2015-01-30 13:12:19] myapp.DEBUG: Notified event "kernel.request" to listener "Silex\EventListener\LocaleListener::onKernelRequest". [] []
[2015-01-30 13:12:19] myapp.DEBUG: Notified event "kernel.request" to listener "Silex\EventListener\LogListener::onKernelRequest". [] []
[2015-01-30 13:12:19] myapp.DEBUG: Notified event "kernel.request" to listener "Silex\EventListener\MiddlewareListener::onKernelRequest". [] []
[2015-01-30 13:12:19] myapp.DEBUG: Notified event "kernel.controller" to listener "Silex\EventListener\ConverterListener::onKernelController". [] []
[2015-01-30 13:12:19] myapp.DEBUG: Notified event "kernel.controller" to listener "Symfony\Component\HttpKernel\DataCollector\RequestDataCollector::onKernelController". [] []
[2015-01-30 13:12:19] myapp.DEBUG: Notified event "kernel.response" to listener "Silex\EventListener\MiddlewareListener::onKernelResponse". [] []
[2015-01-30 13:12:19] myapp.DEBUG: Notified event "kernel.response" to listener "Symfony\Component\HttpKernel\EventListener\ResponseListener::onKernelResponse". [] []
[2015-01-30 13:12:19] myapp.DEBUG: Notified event "kernel.response" to listener "Silex\EventListener\LogListener::onKernelResponse". [] []
[2015-01-30 13:12:19] myapp.DEBUG: Notified event "kernel.response" to listener "Symfony\Component\HttpKernel\EventListener\ProfilerListener::onKernelResponse". [] []
[2015-01-30 13:12:19] myapp.DEBUG: Notified event "kernel.response" to listener "Symfony\Bundle\WebProfilerBundle\EventListener\WebDebugToolbarListener::onKernelResponse". [] []
[2015-01-30 13:12:19] myapp.DEBUG: Notified event "kernel.finish_request" to listener "Symfony\Component\HttpKernel\EventListener\RouterListener::onKernelFinishRequest". [] []
[2015-01-30 13:12:19] myapp.DEBUG: Notified event "kernel.finish_request" to listener "Silex\EventListener\LocaleListener::onKernelFinishRequest". [] []
[2015-01-30 13:12:19] myapp.INFO: Matched route "_profiler_search_bar" (parameters: "_controller": "web_profiler.controller.profiler:searchBarAction", "_route": "_profiler_search_bar") [] []
[2015-01-30 13:12:19] myapp.DEBUG: Notified event "kernel.request" to listener "Symfony\Component\HttpKernel\EventListener\ProfilerListener::onKernelRequest". [] []
[2015-01-30 13:12:19] myapp.DEBUG: Notified event "kernel.request" to listener "Symfony\Component\HttpKernel\EventListener\RouterListener::onKernelRequest". [] []
[2015-01-30 13:12:19] myapp.DEBUG: Notified event "kernel.request" to listener "Silex\EventListener\LocaleListener::onKernelRequest". [] []
[2015-01-30 13:12:19] myapp.DEBUG: Notified event "kernel.request" to listener "Silex\EventListener\LogListener::onKernelRequest". [] []
[2015-01-30 13:12:19] myapp.DEBUG: Notified event "kernel.request" to listener "Silex\EventListener\MiddlewareListener::onKernelRequest". [] []
[2015-01-30 13:12:19] myapp.DEBUG: Notified event "kernel.controller" to listener "Silex\EventListener\ConverterListener::onKernelController". [] []
[2015-01-30 13:12:19] myapp.DEBUG: Notified event "kernel.controller" to listener "Symfony\Component\HttpKernel\DataCollector\RequestDataCollector::onKernelController". [] []
[2015-01-30 13:12:19] myapp.DEBUG: Notified event "kernel.response" to listener "Silex\EventListener\MiddlewareListener::onKernelResponse". [] []
[2015-01-30 13:12:19] myapp.DEBUG: Notified event "kernel.response" to listener "Symfony\Component\HttpKernel\EventListener\ResponseListener::onKernelResponse". [] []
[2015-01-30 13:12:19] myapp.DEBUG: Notified event "kernel.response" to listener "Silex\EventListener\LogListener::onKernelResponse". [] []
[2015-01-30 13:12:19] myapp.DEBUG: Notified event "kernel.response" to listener "Symfony\Component\HttpKernel\EventListener\ProfilerListener::onKernelResponse". [] []
[2015-01-30 13:12:19] myapp.DEBUG: Notified event "kernel.response" to listener "Symfony\Bundle\WebProfilerBundle\EventListener\WebDebugToolbarListener::onKernelResponse". [] []
[2015-01-30 13:12:19] myapp.DEBUG: Notified event "kernel.finish_request" to listener "Symfony\Component\HttpKernel\EventListener\RouterListener::onKernelFinishRequest". [] []
[2015-01-30 13:12:19] myapp.DEBUG: Notified event "kernel.finish_request" to listener "Silex\EventListener\LocaleListener::onKernelFinishRequest". [] []
[2015-01-30 13:12:19] myapp.INFO: < 200 [] []
[2015-01-30 13:12:19] myapp.DEBUG: Notified event "kernel.response" to listener "Silex\EventListener\MiddlewareListener::onKernelResponse". [] []
[2015-01-30 13:12:19] myapp.DEBUG: Notified event "kernel.response" to listener "Symfony\Component\HttpKernel\EventListener\ResponseListener::onKernelResponse". [] []
[2015-01-30 13:12:19] myapp.DEBUG: Notified event "kernel.response" to listener "Silex\EventListener\LogListener::onKernelResponse". [] []
[2015-01-30 13:12:19] myapp.DEBUG: Notified event "kernel.response" to listener "Symfony\Component\HttpKernel\EventListener\ProfilerListener::onKernelResponse". [] []
[2015-01-30 13:12:19] myapp.DEBUG: Notified event "kernel.response" to listener "Symfony\Bundle\WebProfilerBundle\EventListener\WebDebugToolbarListener::onKernelResponse". [] []
[2015-01-30 13:12:19] myapp.DEBUG: Notified event "kernel.finish_request" to listener "Symfony\Component\HttpKernel\EventListener\RouterListener::onKernelFinishRequest". [] []
[2015-01-30 13:12:19] myapp.DEBUG: Notified event "kernel.finish_request" to listener "Silex\EventListener\LocaleListener::onKernelFinishRequest". [] []
[2015-01-30 13:12:19] myapp.DEBUG: Notified event "kernel.terminate" to listener "Symfony\Component\HttpKernel\EventListener\ProfilerListener::onKernelTerminate". [] []
[2015-01-30 13:12:24] myapp.ERROR: Symfony\Component\HttpKernel\Exception\NotFoundHttpException: No route found for "GET /" (from "http://localhost:8080/_profiler/5ed0b4?panel=config") (uncaught exception) at /home/benny/code/php/workspace/silex-noframework-base/vendor/symfony/http-kernel/Symfony/Component/HttpKernel/EventListener/RouterListener.php line 145 {"exception":"[object] (Symfony\\Component\\HttpKernel\\Exception\\NotFoundHttpException(code: 0): No route found for \"GET /\" (from \"http://localhost:8080/_profiler/5ed0b4?panel=config\") at /home/benny/code/php/workspace/silex-noframework-base/vendor/symfony/http-kernel/Symfony/Component/HttpKernel/EventListener/RouterListener.php:145, Symfony\\Component\\Routing\\Exception\\ResourceNotFoundException(code: 0): No routes found for \"/\". at /home/benny/code/php/workspace/silex-noframework-base/vendor/symfony/routing/Symfony/Component/Routing/Matcher/UrlMatcher.php:102)"} []
[2015-01-30 13:12:24] myapp.DEBUG: Notified event "kernel.exception" to listener "Symfony\Component\HttpKernel\EventListener\ProfilerListener::onKernelException". [] []
[2015-01-30 13:12:24] myapp.DEBUG: Notified event "kernel.exception" to listener "Silex\EventListener\LogListener::onKernelException". [] []
[2015-01-30 13:12:24] myapp.DEBUG: Notified event "kernel.exception" to listener "Silex\ExceptionHandler::onSilexError". [] []
[2015-01-30 13:12:24] myapp.DEBUG: Listener "Silex\ExceptionHandler::onSilexError" stopped propagation of the event "kernel.exception". [] []
[2015-01-30 13:12:24] myapp.INFO: < 404 [] []
[2015-01-30 13:12:24] myapp.DEBUG: Notified event "kernel.response" to listener "Silex\EventListener\MiddlewareListener::onKernelResponse". [] []
[2015-01-30 13:12:24] myapp.DEBUG: Notified event "kernel.response" to listener "Symfony\Component\HttpKernel\EventListener\ResponseListener::onKernelResponse". [] []
[2015-01-30 13:12:24] myapp.DEBUG: Notified event "kernel.response" to listener "Silex\EventListener\LogListener::onKernelResponse". [] []
[2015-01-30 13:12:24] myapp.DEBUG: Notified event "kernel.response" to listener "Symfony\Component\HttpKernel\EventListener\ProfilerListener::onKernelResponse". [] []
[2015-01-30 13:12:24] myapp.DEBUG: Notified event "kernel.response" to listener "Symfony\Bundle\WebProfilerBundle\EventListener\WebDebugToolbarListener::onKernelResponse". [] []
[2015-01-30 13:12:24] myapp.DEBUG: Notified event "kernel.finish_request" to listener "Symfony\Component\HttpKernel\EventListener\RouterListener::onKernelFinishRequest". [] []
[2015-01-30 13:12:24] myapp.DEBUG: Notified event "kernel.finish_request" to listener "Silex\EventListener\LocaleListener::onKernelFinishRequest". [] []
[2015-01-30 13:12:24] myapp.DEBUG: Notified event "kernel.terminate" to listener "Symfony\Component\HttpKernel\EventListener\ProfilerListener::onKernelTerminate". [] []
[2015-01-30 13:12:25] myapp.INFO: Matched route "_wdt" (parameters: "_controller": "web_profiler.controller.profiler:toolbarAction", "token": "f8c4a7", "_route": "_wdt") [] []
[2015-01-30 13:12:25] myapp.INFO: > GET /_profiler/wdt/f8c4a7 [] []
[2015-01-30 13:12:25] myapp.DEBUG: Notified event "kernel.request" to listener "Symfony\Component\HttpKernel\EventListener\ProfilerListener::onKernelRequest". [] []
[2015-01-30 13:12:25] myapp.DEBUG: Notified event "kernel.request" to listener "Symfony\Component\HttpKernel\EventListener\RouterListener::onKernelRequest". [] []
[2015-01-30 13:12:25] myapp.DEBUG: Notified event "kernel.request" to listener "Silex\EventListener\LocaleListener::onKernelRequest". [] []
[2015-01-30 13:12:25] myapp.DEBUG: Notified event "kernel.request" to listener "Silex\EventListener\LogListener::onKernelRequest". [] []
[2015-01-30 13:12:25] myapp.DEBUG: Notified event "kernel.request" to listener "Silex\EventListener\MiddlewareListener::onKernelRequest". [] []
[2015-01-30 13:12:25] myapp.DEBUG: Notified event "kernel.controller" to listener "Silex\EventListener\ConverterListener::onKernelController". [] []
[2015-01-30 13:12:25] myapp.DEBUG: Notified event "kernel.controller" to listener "Symfony\Component\HttpKernel\DataCollector\RequestDataCollector::onKernelController". [] []
[2015-01-30 13:12:25] myapp.INFO: < 200 [] []
[2015-01-30 13:12:25] myapp.DEBUG: Notified event "kernel.response" to listener "Silex\EventListener\MiddlewareListener::onKernelResponse". [] []
[2015-01-30 13:12:25] myapp.DEBUG: Notified event "kernel.response" to listener "Symfony\Component\HttpKernel\EventListener\ResponseListener::onKernelResponse". [] []
[2015-01-30 13:12:25] myapp.DEBUG: Notified event "kernel.response" to listener "Silex\EventListener\LogListener::onKernelResponse". [] []
[2015-01-30 13:12:25] myapp.DEBUG: Notified event "kernel.response" to listener "Symfony\Component\HttpKernel\EventListener\ProfilerListener::onKernelResponse". [] []
[2015-01-30 13:12:25] myapp.DEBUG: Notified event "kernel.response" to listener "Symfony\Bundle\WebProfilerBundle\EventListener\WebDebugToolbarListener::onKernelResponse". [] []
[2015-01-30 13:12:25] myapp.DEBUG: Notified event "kernel.finish_request" to listener "Symfony\Component\HttpKernel\EventListener\RouterListener::onKernelFinishRequest". [] []
[2015-01-30 13:12:25] myapp.DEBUG: Notified event "kernel.finish_request" to listener "Silex\EventListener\LocaleListener::onKernelFinishRequest". [] []
[2015-01-30 13:12:25] myapp.DEBUG: Notified event "kernel.terminate" to listener "Symfony\Component\HttpKernel\EventListener\ProfilerListener::onKernelTerminate". [] []
[2015-01-30 13:13:08] myapp.ERROR: Symfony\Component\HttpKernel\Exception\NotFoundHttpException: No route found for "GET /" (from "http://localhost:8080/_profiler/5ed0b4?panel=config") (uncaught exception) at /home/benny/code/php/workspace/silex-noframework-base/vendor/symfony/http-kernel/Symfony/Component/HttpKernel/EventListener/RouterListener.php line 145 {"exception":"[object] (Symfony\\Component\\HttpKernel\\Exception\\NotFoundHttpException(code: 0): No route found for \"GET /\" (from \"http://localhost:8080/_profiler/5ed0b4?panel=config\") at /home/benny/code/php/workspace/silex-noframework-base/vendor/symfony/http-kernel/Symfony/Component/HttpKernel/EventListener/RouterListener.php:145, Symfony\\Component\\Routing\\Exception\\ResourceNotFoundException(code: 0): No routes found for \"/\". at /home/benny/code/php/workspace/silex-noframework-base/vendor/symfony/routing/Symfony/Component/Routing/Matcher/UrlMatcher.php:102)"} []
[2015-01-30 13:13:08] myapp.DEBUG: Notified event "kernel.exception" to listener "Symfony\Component\HttpKernel\EventListener\ProfilerListener::onKernelException". [] []
[2015-01-30 13:13:08] myapp.DEBUG: Notified event "kernel.exception" to listener "Silex\EventListener\LogListener::onKernelException". [] []
[2015-01-30 13:13:08] myapp.DEBUG: Notified event "kernel.exception" to listener "Silex\ExceptionHandler::onSilexError". [] []
[2015-01-30 13:13:08] myapp.DEBUG: Listener "Silex\ExceptionHandler::onSilexError" stopped propagation of the event "kernel.exception". [] []
[2015-01-30 13:13:08] myapp.INFO: < 404 [] []
[2015-01-30 13:13:08] myapp.DEBUG: Notified event "kernel.response" to listener "Silex\EventListener\MiddlewareListener::onKernelResponse". [] []
[2015-01-30 13:13:08] myapp.DEBUG: Notified event "kernel.response" to listener "Symfony\Component\HttpKernel\EventListener\ResponseListener::onKernelResponse". [] []
[2015-01-30 13:13:08] myapp.DEBUG: Notified event "kernel.response" to listener "Silex\EventListener\LogListener::onKernelResponse". [] []
[2015-01-30 13:13:08] myapp.DEBUG: Notified event "kernel.response" to listener "Symfony\Component\HttpKernel\EventListener\ProfilerListener::onKernelResponse". [] []
[2015-01-30 13:13:08] myapp.DEBUG: Notified event "kernel.response" to listener "Symfony\Bundle\WebProfilerBundle\EventListener\WebDebugToolbarListener::onKernelResponse". [] []
[2015-01-30 13:13:08] myapp.DEBUG: Notified event "kernel.finish_request" to listener "Symfony\Component\HttpKernel\EventListener\RouterListener::onKernelFinishRequest". [] []
[2015-01-30 13:13:08] myapp.DEBUG: Notified event "kernel.finish_request" to listener "Silex\EventListener\LocaleListener::onKernelFinishRequest". [] []
[2015-01-30 13:13:08] myapp.DEBUG: Notified event "kernel.terminate" to listener "Symfony\Component\HttpKernel\EventListener\ProfilerListener::onKernelTerminate". [] []
[2015-01-30 13:13:08] myapp.INFO: Matched route "_wdt" (parameters: "_controller": "web_profiler.controller.profiler:toolbarAction", "token": "449f59", "_route": "_wdt") [] []
[2015-01-30 13:13:09] myapp.INFO: > GET /_profiler/wdt/449f59 [] []
[2015-01-30 13:13:09] myapp.DEBUG: Notified event "kernel.request" to listener "Symfony\Component\HttpKernel\EventListener\ProfilerListener::onKernelRequest". [] []
[2015-01-30 13:13:09] myapp.DEBUG: Notified event "kernel.request" to listener "Symfony\Component\HttpKernel\EventListener\RouterListener::onKernelRequest". [] []
[2015-01-30 13:13:09] myapp.DEBUG: Notified event "kernel.request" to listener "Silex\EventListener\LocaleListener::onKernelRequest". [] []
[2015-01-30 13:13:09] myapp.DEBUG: Notified event "kernel.request" to listener "Silex\EventListener\LogListener::onKernelRequest". [] []
[2015-01-30 13:13:09] myapp.DEBUG: Notified event "kernel.request" to listener "Silex\EventListener\MiddlewareListener::onKernelRequest". [] []
[2015-01-30 13:13:09] myapp.DEBUG: Notified event "kernel.controller" to listener "Silex\EventListener\ConverterListener::onKernelController". [] []
[2015-01-30 13:13:09] myapp.DEBUG: Notified event "kernel.controller" to listener "Symfony\Component\HttpKernel\DataCollector\RequestDataCollector::onKernelController". [] []
[2015-01-30 13:13:09] myapp.INFO: < 200 [] []
[2015-01-30 13:13:09] myapp.DEBUG: Notified event "kernel.response" to listener "Silex\EventListener\MiddlewareListener::onKernelResponse". [] []
[2015-01-30 13:13:09] myapp.DEBUG: Notified event "kernel.response" to listener "Symfony\Component\HttpKernel\EventListener\ResponseListener::onKernelResponse". [] []
[2015-01-30 13:13:09] myapp.DEBUG: Notified event "kernel.response" to listener "Silex\EventListener\LogListener::onKernelResponse". [] []
[2015-01-30 13:13:09] myapp.DEBUG: Notified event "kernel.response" to listener "Symfony\Component\HttpKernel\EventListener\ProfilerListener::onKernelResponse". [] []
[2015-01-30 13:13:09] myapp.DEBUG: Notified event "kernel.response" to listener "Symfony\Bundle\WebProfilerBundle\EventListener\WebDebugToolbarListener::onKernelResponse". [] []
[2015-01-30 13:13:09] myapp.DEBUG: Notified event "kernel.finish_request" to listener "Symfony\Component\HttpKernel\EventListener\RouterListener::onKernelFinishRequest". [] []
[2015-01-30 13:13:09] myapp.DEBUG: Notified event "kernel.finish_request" to listener "Silex\EventListener\LocaleListener::onKernelFinishRequest". [] []
[2015-01-30 13:13:09] myapp.DEBUG: Notified event "kernel.terminate" to listener "Symfony\Component\HttpKernel\EventListener\ProfilerListener::onKernelTerminate". [] []
